<?xml version="1.0" encoding="utf-8"?><testsuites name="pytest tests"><testsuite name="pytest" errors="0" failures="0" skipped="0" tests="6" time="1.737" timestamp="2026-04-30T08:59:04.603777+00:00" hostname="agent-env-8f4fa5e1-34ea-430a-9701-d1d2d88473e3"><testcase classname="backend.tests.test_iteration20_share_hierarchy_numfmt.TestWorkspaceSharing" name="test_viewer_sees_owner_workspace" time="0.502" /><testcase classname="backend.tests.test_iteration20_share_hierarchy_numfmt.TestWorkspaceSharing" name="test_viewer_sees_only_invited_boards_in_owner_workspace" time="0.107" /><testcase classname="backend.tests.test_iteration20_share_hierarchy_numfmt.TestWorkspaceSharing" name="test_owner_sees_workspace_boards" time="0.445" /><testcase classname="backend.tests.test_iteration20_share_hierarchy_numfmt.TestNumberColumnSettings" name="test_initial_column_present" time="0.102" /><testcase classname="backend.tests.test_iteration20_share_hierarchy_numfmt.TestNumberColumnSettings" name="test_put_settings_percent_merges" time="0.310" /><testcase classname="backend.tests.test_iteration20_share_hierarchy_numfmt.TestNumberColumnSettings" name="test_put_settings_pound_resets" time="0.213" /></testsuite></testsuites>