<?xml version="1.0" encoding="utf-8"?><testsuites name="pytest tests"><testsuite name="pytest" errors="0" failures="0" skipped="0" tests="20" time="6.349" timestamp="2026-04-29T10:22:25.798672+00:00" hostname="agent-env-8f4fa5e1-34ea-430a-9701-d1d2d88473e3"><testcase classname="test_iteration18_2fa_storage_sdk.TestTwoFA" name="test_status_initial_disabled" time="0.560" /><testcase classname="test_iteration18_2fa_storage_sdk.TestTwoFA" name="test_setup_returns_secret_and_qr" time="0.065" /><testcase classname="test_iteration18_2fa_storage_sdk.TestTwoFA" name="test_enable_with_invalid_code_rejected" time="0.053" /><testcase classname="test_iteration18_2fa_storage_sdk.TestTwoFA" name="test_enable_with_valid_code" time="0.055" /><testcase classname="test_iteration18_2fa_storage_sdk.TestTwoFA" name="test_status_after_enable" time="0.049" /><testcase classname="test_iteration18_2fa_storage_sdk.TestTwoFA" name="test_login_now_requires_2fa" time="0.275" /><testcase classname="test_iteration18_2fa_storage_sdk.TestTwoFA" name="test_verify_challenge_invalid_token" time="0.049" /><testcase classname="test_iteration18_2fa_storage_sdk.TestTwoFA" name="test_verify_challenge_with_totp" time="0.050" /><testcase classname="test_iteration18_2fa_storage_sdk.TestTwoFA" name="test_login_with_backup_code" time="0.681" /><testcase classname="test_iteration18_2fa_storage_sdk.TestTwoFA" name="test_regenerate_backup_codes" time="1.419" /><testcase classname="test_iteration18_2fa_storage_sdk.TestTwoFA" name="test_disable_2fa" time="1.321" /><testcase classname="test_iteration18_2fa_storage_sdk.TestStorage" name="test_put_get_delete" time="0.327" /><testcase classname="test_iteration18_2fa_storage_sdk.TestStorage" name="test_put_missing_value_400" time="0.054" /><testcase classname="test_iteration18_2fa_storage_sdk.TestStorage" name="test_workspace_scope_isolation" time="0.356" /><testcase classname="test_iteration18_2fa_storage_sdk.TestSDKDownloads" name="test_download_python_sdk" time="0.051" /><testcase classname="test_iteration18_2fa_storage_sdk.TestSDKDownloads" name="test_download_javascript_sdk" time="0.064" /><testcase classname="test_iteration18_2fa_storage_sdk.TestSDKDownloads" name="test_download_javascript_cdn" time="0.050" /><testcase classname="test_iteration18_2fa_storage_sdk.TestSDKDownloads" name="test_download_readme" time="0.050" /><testcase classname="test_iteration18_2fa_storage_sdk.TestPythonSDK" name="test_sdk_imports_and_calls_backend" time="0.738" /><testcase classname="test_iteration18_2fa_storage_sdk.TestJavaScriptSDK" name="test_js_sdk_loads_in_node" time="0.030" /></testsuite></testsuites>