<?xml version="1.0" encoding="utf-8"?><testsuites name="pytest tests"><testsuite name="pytest" errors="0" failures="0" skipped="0" tests="4" time="7.240" timestamp="2026-05-01T11:11:43.509156+00:00" hostname="agent-env-8f4fa5e1-34ea-430a-9701-d1d2d88473e3"><testcase classname="backend.tests.test_iteration22_activity_comments_sticky.TestActivityMovedOldValueIsName" name="test_no_moved_activity_uses_uuid_as_old_value" time="1.680" /><testcase classname="backend.tests.test_iteration22_activity_comments_sticky.TestDeleteUpdateForbidden" name="test_delete_returns_403_for_any_id" time="0.121" /><testcase classname="backend.tests.test_iteration22_activity_comments_sticky.TestDeleteUpdateForbidden" name="test_delete_returns_403_on_real_update" time="0.436" /><testcase classname="backend.tests.test_iteration22_activity_comments_sticky.TestRegisterFlipElemMatchRegression" name="test_register_flips_only_target_invitee" time="4.957" /></testsuite></testsuites>