<?xml version="1.0" encoding="utf-8"?><testsuites name="pytest tests"><testsuite name="pytest" errors="0" failures="0" skipped="0" tests="5" time="2.287" timestamp="2026-04-24T13:38:14.889661+00:00" hostname="agent-env-8f4fa5e1-34ea-430a-9701-d1d2d88473e3"><testcase classname="backend.tests.test_iteration11_mentions.TestBoardMembersList" name="test_members_list_ok" time="0.548" /><testcase classname="backend.tests.test_iteration11_mentions.TestBoardMembersList" name="test_members_list_unauth" time="0.113" /><testcase classname="backend.tests.test_iteration11_mentions.TestMentionNotification" name="test_mention_creates_mention_notification" time="0.879" /><testcase classname="backend.tests.test_iteration11_mentions.TestMentionNotification" name="test_no_mention_creates_update_notification" time="0.220" /><testcase classname="backend.tests.test_iteration11_mentions.TestMentionNotification" name="test_mention_not_double_notified" time="0.470" /></testsuite></testsuites>