<?xml version="1.0" encoding="utf-8"?><testsuites name="pytest tests"><testsuite name="pytest" errors="0" failures="0" skipped="0" tests="10" time="2.816" timestamp="2026-04-28T09:25:46.466353+00:00" hostname="agent-env-8f4fa5e1-34ea-430a-9701-d1d2d88473e3"><testcase classname="backend.tests.test_iteration13_permissions_widgets.TestColumnPermissions" name="test_get_board_columns" time="0.679" /><testcase classname="backend.tests.test_iteration13_permissions_widgets.TestColumnPermissions" name="test_update_column_persists_permissions" time="0.639" /><testcase classname="backend.tests.test_iteration13_permissions_widgets.TestColumnPermissions" name="test_update_column_merges_settings" time="0.521" /><testcase classname="backend.tests.test_iteration13_permissions_widgets.TestDashboardWidgets" name="test_create_dashboard" time="0.113" /><testcase classname="backend.tests.test_iteration13_permissions_widgets.TestDashboardWidgets" name="test_list_workspace_dashboards" time="0.151" /><testcase classname="backend.tests.test_iteration13_permissions_widgets.TestDashboardWidgets" name="test_add_widget[numbers-settings0]" time="0.138" /><testcase classname="backend.tests.test_iteration13_permissions_widgets.TestDashboardWidgets" name="test_add_widget[chart-settings1]" time="0.095" /><testcase classname="backend.tests.test_iteration13_permissions_widgets.TestDashboardWidgets" name="test_add_widget[battery-settings2]" time="0.110" /><testcase classname="backend.tests.test_iteration13_permissions_widgets.TestDashboardWidgets" name="test_widgets_persisted_on_dashboard" time="0.204" /><testcase classname="backend.tests.test_iteration13_permissions_widgets.TestDashboardWidgets" name="test_zzz_cleanup_dashboard" time="0.095" /></testsuite></testsuites>