<?xml version="1.0" encoding="utf-8"?><testsuites name="pytest tests"><testsuite name="pytest" errors="0" failures="0" skipped="0" tests="8" time="2.683" timestamp="2026-04-28T10:20:05.437946+00:00" hostname="agent-env-8f4fa5e1-34ea-430a-9701-d1d2d88473e3"><testcase classname="backend.tests.test_iteration15_auth_reinvite.TestForgotPassword" name="test_forgot_password_existing_email" time="0.260" /><testcase classname="backend.tests.test_iteration15_auth_reinvite.TestForgotPassword" name="test_forgot_password_unknown_email_returns_same" time="0.050" /><testcase classname="backend.tests.test_iteration15_auth_reinvite.TestForgotPassword" name="test_forgot_password_missing_email" time="0.051" /><testcase classname="backend.tests.test_iteration15_auth_reinvite.TestForgotPassword" name="test_reset_password_invalid_token" time="0.049" /><testcase classname="backend.tests.test_iteration15_auth_reinvite.TestForgotPassword" name="test_reset_password_missing_fields" time="0.047" /><testcase classname="backend.tests.test_iteration15_auth_reinvite.TestForgotPassword" name="test_reset_password_short_password" time="0.049" /><testcase classname="backend.tests.test_iteration15_auth_reinvite.TestForgotPasswordFullCycle" name="test_full_reset_cycle" time="1.374" /><testcase classname="backend.tests.test_iteration15_auth_reinvite.TestReinviteRemovedMember" name="test_reinvite_cycle" time="0.737" /></testsuite></testsuites>