<?xml version="1.0" encoding="utf-8"?><testsuites name="pytest tests"><testsuite name="pytest" errors="0" failures="0" skipped="0" tests="10" time="3.138" timestamp="2026-04-28T09:55:32.746985+00:00" hostname="agent-env-8f4fa5e1-34ea-430a-9701-d1d2d88473e3"><testcase classname="backend.tests.test_iteration14_views_team.TestTeamInvite" name="test_invite_new_member_no_membership_check" time="1.328" /><testcase classname="backend.tests.test_iteration14_views_team.TestTeamInvite" name="test_invite_does_not_require_being_member" time="0.446" /><testcase classname="backend.tests.test_iteration14_views_team.TestTeamRemove" name="test_member_can_remove_invited_member" time="0.328" /><testcase classname="backend.tests.test_iteration14_views_team.TestTeamRemove" name="test_cannot_remove_self" time="0.218" /><testcase classname="backend.tests.test_iteration14_views_team.TestBoardViews" name="test_create_view" time="0.103" /><testcase classname="backend.tests.test_iteration14_views_team.TestBoardViews" name="test_list_views_includes_created" time="0.121" /><testcase classname="backend.tests.test_iteration14_views_team.TestBoardViews" name="test_create_view_missing_fields" time="0.109" /><testcase classname="backend.tests.test_iteration14_views_team.TestBoardViews" name="test_delete_view" time="0.220" /><testcase classname="backend.tests.test_iteration14_views_team.TestBoardViews" name="test_delete_nonexistent_view" time="0.098" /><testcase classname="backend.tests.test_iteration14_views_team.TestBoardViews" name="test_views_require_auth" time="0.102" /></testsuite></testsuites>