<?xml version="1.0" encoding="utf-8"?><testsuites name="pytest tests"><testsuite name="pytest" errors="0" failures="0" skipped="0" tests="7" time="9.937" timestamp="2026-05-01T11:49:10.474770+00:00" hostname="agent-env-8f4fa5e1-34ea-430a-9701-d1d2d88473e3"><testcase classname="backend.tests.test_iteration23_email_case_insensitive.TestRegisterLowercase" name="test_register_stores_lowercase" time="2.661" /><testcase classname="backend.tests.test_iteration23_email_case_insensitive.TestBoardInviteCaseInsensitive" name="test_invite_mixed_case_succeeds[Pragati.Y@acuityprofessional.com]" time="1.506" /><testcase classname="backend.tests.test_iteration23_email_case_insensitive.TestBoardInviteCaseInsensitive" name="test_invite_mixed_case_succeeds[PARMINDER.S@ACUITYPROFESSIONAL.COM]" time="1.029" /><testcase classname="backend.tests.test_iteration23_email_case_insensitive.TestBoardInviteCaseInsensitive" name="test_invite_mixed_case_succeeds[pragati.y@acuityprofessional.com]" time="1.379" /><testcase classname="backend.tests.test_iteration23_email_case_insensitive.TestBoardInviteCaseInsensitive" name="test_invite_unknown_email_400" time="0.127" /><testcase classname="backend.tests.test_iteration23_email_case_insensitive.TestBoardInviteCaseInsensitive" name="test_invitee_added_to_board_member_ids" time="0.219" /><testcase classname="backend.tests.test_iteration23_email_case_insensitive.TestRegisterFlipsInvitedToActive" name="test_register_flips_only_target_invitee" time="2.957" /></testsuite></testsuites>