<?xml version="1.0" encoding="utf-8"?><testsuites name="pytest tests"><testsuite name="pytest" errors="0" failures="1" skipped="0" tests="7" time="7.671" timestamp="2026-04-30T11:18:03.553392+00:00" hostname="agent-env-8f4fa5e1-34ea-430a-9701-d1d2d88473e3"><testcase classname="backend.tests.test_iteration21_invite_signup_search.TestUsersSearch" name="test_search_excludes_self" time="0.498" /><testcase classname="backend.tests.test_iteration21_invite_signup_search.TestUsersSearch" name="test_search_filter_by_name" time="0.113" /><testcase classname="backend.tests.test_iteration21_invite_signup_search.TestUsersSearch" name="test_search_limit" time="0.104" /><testcase classname="backend.tests.test_iteration21_invite_signup_search.TestUsersSearch" name="test_search_requires_auth" time="0.113" /><testcase classname="backend.tests.test_iteration21_invite_signup_search.TestRegisterFlipsInvited" name="test_register_flips_invited_to_active_in_acuity_team" time="3.319"><failure message="AssertionError: Status was not flipped: {'user_id': 'd16eae25-89cd-45d3-9822-b02cbf6fa04d', 'name': 'TEST_signup_f96c1dd7d7', 'email': 'TEST_signup_f96c1dd7d7@example.com', 'role': 'member', 'status': 'invited', 'joined_at': '2026-04-30T11:18:04.664000', 'avatar': None}&#10;assert 'invited' == 'active'&#10;  &#10;  - active&#10;  + invited">E   AssertionError: Status was not flipped: {'user_id': 'd16eae25-89cd-45d3-9822-b02cbf6fa04d', 'name': 'TEST_signup_f96c1dd7d7', 'email': 'TEST_signup_f96c1dd7d7@example.com', 'role': 'member', 'status': 'invited', 'joined_at': '2026-04-30T11:18:04.664000', 'avatar': None}
    assert 'invited' == 'active'
      
      - active
      + invited</failure></testcase><testcase classname="backend.tests.test_iteration21_invite_signup_search.TestRegisterFlipsInvited" name="test_register_does_not_raise_when_email_provider_missing" time="1.333" /><testcase classname="backend.tests.test_iteration21_invite_signup_search.TestBoardInviteRegression" name="test_board_invite_still_works" time="2.128" /></testsuite></testsuites>