<?xml version="1.0" encoding="utf-8"?><testsuites name="pytest tests"><testsuite name="pytest" errors="0" failures="0" skipped="0" tests="3" time="0.904" timestamp="2026-04-28T11:17:23.765970+00:00" hostname="agent-env-8f4fa5e1-34ea-430a-9701-d1d2d88473e3"><testcase classname="backend.tests.test_iteration16_invite_validation.TestInviteValidation" name="test_invite_unregistered_email_returns_400" time="0.577" /><testcase classname="backend.tests.test_iteration16_invite_validation.TestInviteValidation" name="test_invite_registered_user_succeeds" time="0.139" /><testcase classname="backend.tests.test_iteration16_invite_validation.TestInviteValidation" name="test_invite_invalid_board_returns_404" time="0.137" /></testsuite></testsuites>