<?xml version="1.0" encoding="utf-8"?><testsuites name="pytest tests"><testsuite name="pytest" errors="0" failures="0" skipped="0" tests="22" time="3.532" timestamp="2026-04-29T09:40:30.367026+00:00" hostname="agent-env-8f4fa5e1-34ea-430a-9701-d1d2d88473e3"><testcase classname="backend.tests.test_iteration17_forms_apikeys" name="test_form_list_by_board" time="0.663" /><testcase classname="backend.tests.test_iteration17_forms_apikeys" name="test_form_update" time="0.050" /><testcase classname="backend.tests.test_iteration17_forms_apikeys" name="test_form_create_unauthorized_returns_401" time="0.052" /><testcase classname="backend.tests.test_iteration17_forms_apikeys" name="test_public_form_get_no_auth" time="0.106" /><testcase classname="backend.tests.test_iteration17_forms_apikeys" name="test_public_form_submit_missing_name_400" time="0.101" /><testcase classname="backend.tests.test_iteration17_forms_apikeys" name="test_public_form_submit_missing_required_field_400" time="0.120" /><testcase classname="backend.tests.test_iteration17_forms_apikeys" name="test_public_form_submit_success" time="0.102" /><testcase classname="backend.tests.test_iteration17_forms_apikeys" name="test_public_form_404_for_unknown" time="0.113" /><testcase classname="backend.tests.test_iteration17_forms_apikeys" name="test_api_key_workspace_scope_requires_workspace_id" time="0.048" /><testcase classname="backend.tests.test_iteration17_forms_apikeys" name="test_api_key_invalid_scope" time="0.049" /><testcase classname="backend.tests.test_iteration17_forms_apikeys" name="test_list_api_keys_strips_hash" time="0.096" /><testcase classname="backend.tests.test_iteration17_forms_apikeys" name="test_whoami_with_user_key" time="0.118" /><testcase classname="backend.tests.test_iteration17_forms_apikeys" name="test_whoami_missing_header_401" time="0.133" /><testcase classname="backend.tests.test_iteration17_forms_apikeys" name="test_whoami_bad_format_401" time="0.099" /><testcase classname="backend.tests.test_iteration17_forms_apikeys" name="test_v1_list_boards_with_user_key" time="0.108" /><testcase classname="backend.tests.test_iteration17_forms_apikeys" name="test_v1_get_board" time="0.120" /><testcase classname="backend.tests.test_iteration17_forms_apikeys" name="test_v1_create_item" time="0.110" /><testcase classname="backend.tests.test_iteration17_forms_apikeys" name="test_v1_create_item_missing_name_400" time="0.113" /><testcase classname="backend.tests.test_iteration17_forms_apikeys" name="test_v1_workspace_scoped_key_works_on_in_scope_board" time="0.162" /><testcase classname="backend.tests.test_iteration17_forms_apikeys" name="test_v1_workspace_scoped_key_403_on_other_workspace" time="0.312" /><testcase classname="backend.tests.test_iteration17_forms_apikeys" name="test_revoked_key_cannot_access_v1" time="0.208" /><testcase classname="backend.tests.test_iteration17_forms_apikeys" name="test_revoke_unknown_key_404" time="0.192" /></testsuite></testsuites>