<?xml version="1.0" encoding="utf-8"?><testsuites name="pytest tests"><testsuite name="pytest" errors="0" failures="0" skipped="0" tests="8" time="3.075" timestamp="2026-04-28T08:59:02.651222+00:00" hostname="agent-env-8f4fa5e1-34ea-430a-9701-d1d2d88473e3"><testcase classname="backend.tests.test_iteration12_automation_activity.TestMembersList" name="test_members_list_returns_real_users" time="0.607" /><testcase classname="backend.tests.test_iteration12_automation_activity.TestAutomationCreateAndExecute" name="test_create_status_change_move_to_group_automation" time="0.363" /><testcase classname="backend.tests.test_iteration12_automation_activity.TestAutomationCreateAndExecute" name="test_automation_listed_for_board" time="0.132" /><testcase classname="backend.tests.test_iteration12_automation_activity.TestAutomationCreateAndExecute" name="test_update_item_status_triggers_move" time="0.836" /><testcase classname="backend.tests.test_iteration12_automation_activity.TestAutomationCreateAndExecute" name="test_cleanup_automation" time="0.113" /><testcase classname="backend.tests.test_iteration12_automation_activity.TestAutomationCreateAndExecute" name="test_cleanup_item" time="0.119" /><testcase classname="backend.tests.test_iteration12_automation_activity.TestActivityLogging" name="test_create_delete_bulk_move_log_activities" time="0.728" /><testcase classname="backend.tests.test_iteration12_automation_activity.TestActivityLogging" name="test_activity_contains_automation_move" time="0.124" /></testsuite></testsuites>