<?xml version="1.0" encoding="utf-8"?><testsuites name="pytest tests"><testsuite name="pytest" errors="0" failures="0" skipped="0" tests="18" time="4.974" timestamp="2026-04-24T08:52:28.685539+00:00" hostname="agent-env-8f4fa5e1-34ea-430a-9701-d1d2d88473e3"><testcase classname="backend.tests.test_iteration7_features.TestFavorites" name="test_01_toggle_favorite_on" time="0.888" /><testcase classname="backend.tests.test_iteration7_features.TestFavorites" name="test_02_my_favorites_includes_board" time="0.175" /><testcase classname="backend.tests.test_iteration7_features.TestFavorites" name="test_03_toggle_favorite_off_and_on" time="0.174" /><testcase classname="backend.tests.test_iteration7_features.TestBulkCopy" name="test_01_copy_items_to_target_board" time="0.547" /><testcase classname="backend.tests.test_iteration7_features.TestBulkCopy" name="test_02_copy_requires_item_ids" time="0.043" /><testcase classname="backend.tests.test_iteration7_features.TestBulkCopy" name="test_03_copy_requires_target" time="0.044" /><testcase classname="backend.tests.test_iteration7_features.TestBulkCopy" name="test_04_copy_target_not_found" time="0.044" /><testcase classname="backend.tests.test_iteration7_features.TestBulkMoveBoard" name="test_01_move_item_to_target_board" time="0.094" /><testcase classname="backend.tests.test_iteration7_features.TestBulkMoveBoard" name="test_02_move_requires_params" time="0.043" /><testcase classname="backend.tests.test_iteration7_features.TestActivityLog" name="test_01_rename_item_creates_activity" time="0.644" /><testcase classname="backend.tests.test_iteration7_features.TestActivityLog" name="test_02_column_value_change_creates_activity" time="0.730" /><testcase classname="backend.tests.test_iteration7_features.TestActivityLog" name="test_03_activities_sorted_desc" time="0.045" /><testcase classname="backend.tests.test_iteration7_features.TestActivityLog" name="test_04_undo_reverts_column_value" time="0.790" /><testcase classname="backend.tests.test_iteration7_features.TestActivityLog" name="test_05_undo_nonexistent_404" time="0.048" /><testcase classname="backend.tests.test_iteration7_features.TestLinkColumn" name="test_01_add_link_column" time="0.100" /><testcase classname="backend.tests.test_iteration7_features.TestAuth" name="test_01_favorite_requires_auth" time="0.151" /><testcase classname="backend.tests.test_iteration7_features.TestAuth" name="test_02_bulk_copy_requires_auth" time="0.132" /><testcase classname="backend.tests.test_iteration7_features.TestAuth" name="test_03_activity_requires_auth" time="0.200" /></testsuite></testsuites>