<?xml version="1.0" encoding="utf-8"?><testsuites name="pytest tests"><testsuite name="pytest" errors="0" failures="0" skipped="0" tests="8" time="2.852" timestamp="2026-04-24T12:51:36.707963+00:00" hostname="agent-env-8f4fa5e1-34ea-430a-9701-d1d2d88473e3"><testcase classname="tests.test_iteration10_notifications" name="test_auth_me_returns_name" time="0.629" /><testcase classname="tests.test_iteration10_notifications" name="test_get_my_notifications" time="0.474" /><testcase classname="tests.test_iteration10_notifications" name="test_get_unread_count" time="0.115" /><testcase classname="tests.test_iteration10_notifications" name="test_board_invite_creates_notification_with_actor_name" time="0.281" /><testcase classname="tests.test_iteration10_notifications" name="test_mark_notification_read" time="0.333" /><testcase classname="tests.test_iteration10_notifications" name="test_mark_all_as_read" time="0.222" /><testcase classname="tests.test_iteration10_notifications" name="test_comment_notifies_other_members" time="0.518" /><testcase classname="tests.test_iteration10_notifications" name="test_mark_read_cross_user_is_noop" time="0.233" /></testsuite></testsuites>