<?xml version="1.0" encoding="utf-8"?><testsuites name="pytest tests"><testsuite name="pytest" errors="0" failures="0" skipped="0" tests="17" time="7.146" timestamp="2026-04-20T09:59:50.144349+00:00" hostname="agent-env-8f4fa5e1-34ea-430a-9701-d1d2d88473e3"><testcase classname="backend.tests.test_iteration4_features.TestImportCSV" name="test_01_import_csv_creates_board" time="0.611" /><testcase classname="backend.tests.test_iteration4_features.TestImportCSV" name="test_02_verify_imported_board_structure" time="0.102" /><testcase classname="backend.tests.test_iteration4_features.TestImportCSV" name="test_03_verify_imported_items" time="0.104" /><testcase classname="backend.tests.test_iteration4_features.TestImportXLSX" name="test_01_import_xlsx_creates_board" time="0.969" /><testcase classname="backend.tests.test_iteration4_features.TestFolderCRUD" name="test_01_create_folder" time="0.549" /><testcase classname="backend.tests.test_iteration4_features.TestFolderCRUD" name="test_02_get_workspace_folders" time="0.107" /><testcase classname="backend.tests.test_iteration4_features.TestFolderCRUD" name="test_03_rename_folder" time="0.216" /><testcase classname="backend.tests.test_iteration4_features.TestMoveBoardToFolder" name="test_01_setup_board_and_folder" time="0.680" /><testcase classname="backend.tests.test_iteration4_features.TestMoveBoardToFolder" name="test_02_move_board_to_folder" time="0.223" /><testcase classname="backend.tests.test_iteration4_features.TestMoveBoardToFolder" name="test_03_remove_board_from_folder" time="0.208" /><testcase classname="backend.tests.test_iteration4_features.TestBoardRename" name="test_01_create_board_for_rename" time="0.548" /><testcase classname="backend.tests.test_iteration4_features.TestBoardRename" name="test_02_rename_board" time="0.100" /><testcase classname="backend.tests.test_iteration4_features.TestBoardRename" name="test_03_verify_rename_persisted" time="0.099" /><testcase classname="backend.tests.test_iteration4_features.TestDeleteFolder" name="test_01_setup_folder_with_board" time="0.781" /><testcase classname="backend.tests.test_iteration4_features.TestDeleteFolder" name="test_02_delete_folder_removes_folder_id_from_boards" time="0.329" /><testcase classname="backend.tests.test_iteration4_features.TestCleanup" name="test_cleanup_test_boards" time="1.140" /><testcase classname="backend.tests.test_iteration4_features.TestCleanup" name="test_cleanup_test_folders" time="0.323" /></testsuite></testsuites>