<?xml version="1.0" encoding="utf-8"?><testsuites name="pytest tests"><testsuite name="pytest" errors="0" failures="0" skipped="1" tests="6" time="3.584" timestamp="2026-04-24T09:20:57.969090+00:00" hostname="agent-env-8f4fa5e1-34ea-430a-9701-d1d2d88473e3"><testcase classname="backend.tests.test_iteration8_features.TestColumnUpdateBoard" name="test_get_board_has_columns" time="0.570" /><testcase classname="backend.tests.test_iteration8_features.TestColumnUpdateBoard" name="test_update_columns_widths_persists" time="0.184" /><testcase classname="backend.tests.test_iteration8_features.TestColumnUpdateBoard" name="test_update_columns_reorder_persists" time="0.227" /><testcase classname="backend.tests.test_iteration8_features.TestColumnUpdateBoard" name="test_update_invalid_columns_type" time="0.000"><skipped type="pytest.skip" message="Destructive: backend accepts non-list columns and persists, corrupting board. See backend_issues.critical in iteration_8.json">/app/backend/tests/test_iteration8_features.py:99: Destructive: backend accepts non-list columns and persists, corrupting board. See backend_issues.critical in iteration_8.json</skipped></testcase><testcase classname="backend.tests.test_iteration8_features.TestWebSocket" name="test_ws_connect_and_broadcast" time="0.673" /><testcase classname="backend.tests.test_iteration8_features.TestWebSocket" name="test_ws_sender_does_not_receive_own_message" time="1.876" /></testsuite></testsuites>