<?xml version="1.0" encoding="utf-8"?><testsuites name="pytest tests"><testsuite name="pytest" errors="0" failures="0" skipped="0" tests="12" time="2.820" timestamp="2026-04-09T15:36:37.226599+00:00" hostname="agent-env-8f4fa5e1-34ea-430a-9701-d1d2d88473e3"><testcase classname="backend.tests.test_iteration3_bugfixes.TestGroupRename" name="test_01_get_workspace" time="0.520" /><testcase classname="backend.tests.test_iteration3_bugfixes.TestGroupRename" name="test_02_create_board_for_group_test" time="0.057" /><testcase classname="backend.tests.test_iteration3_bugfixes.TestGroupRename" name="test_03_create_group" time="0.062" /><testcase classname="backend.tests.test_iteration3_bugfixes.TestGroupRename" name="test_04_rename_group" time="0.054" /><testcase classname="backend.tests.test_iteration3_bugfixes.TestGroupRename" name="test_05_verify_group_rename_persisted" time="0.064" /><testcase classname="backend.tests.test_iteration3_bugfixes.TestStatusLabelsSave" name="test_01_create_board_for_labels_test" time="0.471" /><testcase classname="backend.tests.test_iteration3_bugfixes.TestStatusLabelsSave" name="test_02_update_status_labels" time="0.077" /><testcase classname="backend.tests.test_iteration3_bugfixes.TestStatusLabelsSave" name="test_03_verify_labels_persisted" time="0.062" /><testcase classname="backend.tests.test_iteration3_bugfixes.TestBoardSharing" name="test_01_create_board_for_sharing_test" time="0.457" /><testcase classname="backend.tests.test_iteration3_bugfixes.TestBoardSharing" name="test_02_share_board_with_team" time="0.059" /><testcase classname="backend.tests.test_iteration3_bugfixes.TestBoardSharing" name="test_03_get_shared_boards_endpoint" time="0.051" /><testcase classname="backend.tests.test_iteration3_bugfixes.TestCleanup" name="test_cleanup_boards" time="0.693" /></testsuite></testsuites>