<?xml version="1.0" encoding="utf-8"?><testsuites name="pytest tests"><testsuite name="pytest" errors="0" failures="1" skipped="0" tests="5" time="1.182" timestamp="2026-04-24T10:52:59.491326+00:00" hostname="agent-env-8f4fa5e1-34ea-430a-9701-d1d2d88473e3"><testcase classname="backend.tests.test_iteration9_features.TestColumnType" name="test_pipeline_board_reachable" time="0.655" /><testcase classname="backend.tests.test_iteration9_features.TestColumnType" name="test_add_numbers_column_with_pound_settings" time="0.165" /><testcase classname="backend.tests.test_iteration9_features.TestColumnType" name="test_add_formula_column" time="0.097" /><testcase classname="backend.tests.test_iteration9_features.TestColumnType" name="test_add_link_column" time="0.096" /><testcase classname="backend.tests.test_iteration9_features.TestColumnType" name="test_pipeline_board_has_number_columns" time="0.099"><failure message="AssertionError: Expected at least 1 fee column as 'numbers'. Got types: {'Item': 'text', 'Person': 'person', 'NBR': 'text', 'Property': 'text', 'E Agents': 'text', 'Solicitors': 'text', 'Account No': 'text', 'Status': 'status', 'Date Sign Up': 'date', 'Comp Date': 'date', 'Introduced': 'text', 'Lender': 'text', 'APP': 'link', 'OFFER': 'link', 'Pred Comp': 'date', 'Pred Pay': 'date', 'Life Provider': 'text', 'Exc. Proc': 'text', 'Exc. Fee': 'text', 'Exc. Life Fee': 'text', 'Life in Force': 'text', 'Inv Date': 'date', 'MORT PAID': 'text', 'LIFE PAID': 'text', 'Broker Paid': 'text', 'Payment Proc': 'date', 'Payment Broker': 'text', 'Payment  Life': 'date', 'Proc Fee': 'text', 'Broker Fee': 'text', 'Life Fee': 'text', 'Life In Force Date': 'date', 'Files': 'link', 'Life Ready': 'text', 'Flag': 'text', 'Reason': 'text', 'P Price': 'text', 'M Amount': 'text'}&#10;assert 0 &gt;= 1&#10; +  where 0 = len([])">backend/tests/test_iteration9_features.py:129: in test_pipeline_board_has_number_columns
    assert len(found_as_numbers) &gt;= 1, \
E   AssertionError: Expected at least 1 fee column as 'numbers'. Got types: {'Item': 'text', 'Person': 'person', 'NBR': 'text', 'Property': 'text', 'E Agents': 'text', 'Solicitors': 'text', 'Account No': 'text', 'Status': 'status', 'Date Sign Up': 'date', 'Comp Date': 'date', 'Introduced': 'text', 'Lender': 'text', 'APP': 'link', 'OFFER': 'link', 'Pred Comp': 'date', 'Pred Pay': 'date', 'Life Provider': 'text', 'Exc. Proc': 'text', 'Exc. Fee': 'text', 'Exc. Life Fee': 'text', 'Life in Force': 'text', 'Inv Date': 'date', 'MORT PAID': 'text', 'LIFE PAID': 'text', 'Broker Paid': 'text', 'Payment Proc': 'date', 'Payment Broker': 'text', 'Payment  Life': 'date', 'Proc Fee': 'text', 'Broker Fee': 'text', 'Life Fee': 'text', 'Life In Force Date': 'date', 'Files': 'link', 'Life Ready': 'text', 'Flag': 'text', 'Reason': 'text', 'P Price': 'text', 'M Amount': 'text'}
E   assert 0 &gt;= 1
E    +  where 0 = len([])</failure></testcase></testsuite></testsuites>