<?xml version="1.0" encoding="utf-8"?><testsuites name="pytest tests"><testsuite name="pytest" errors="0" failures="0" skipped="0" tests="15" time="2.880" timestamp="2026-03-25T11:42:23.862324+00:00" hostname="agent-env-8f4fa5e1-34ea-430a-9701-d1d2d88473e3"><testcase classname="backend.tests.test_iteration2_features.TestAutoAddToTeamOnSignup" name="test_register_new_user_auto_added_to_team" time="0.631" /><testcase classname="backend.tests.test_iteration2_features.TestTeamInviteForAllMembers" name="test_member_can_invite_others" time="0.114" /><testcase classname="backend.tests.test_iteration2_features.TestTeamInviteForAllMembers" name="test_invited_member_appears_in_pending" time="0.105" /><testcase classname="backend.tests.test_iteration2_features.TestBoardAndColumnSetup" name="test_get_workspace" time="0.095" /><testcase classname="backend.tests.test_iteration2_features.TestBoardAndColumnSetup" name="test_create_board" time="0.100" /><testcase classname="backend.tests.test_iteration2_features.TestBoardAndColumnSetup" name="test_create_group" time="0.102" /><testcase classname="backend.tests.test_iteration2_features.TestBoardAndColumnSetup" name="test_create_item" time="0.159" /><testcase classname="backend.tests.test_iteration2_features.TestColumnOperations" name="test_rename_column" time="0.198" /><testcase classname="backend.tests.test_iteration2_features.TestColumnOperations" name="test_change_column_type" time="0.229" /><testcase classname="backend.tests.test_iteration2_features.TestColumnOperations" name="test_add_column_to_right" time="0.201" /><testcase classname="backend.tests.test_iteration2_features.TestColumnOperations" name="test_duplicate_column" time="0.225" /><testcase classname="backend.tests.test_iteration2_features.TestColumnOperations" name="test_delete_column" time="0.302" /><testcase classname="backend.tests.test_iteration2_features.TestCommentCounts" name="test_create_comment" time="0.107" /><testcase classname="backend.tests.test_iteration2_features.TestCommentCounts" name="test_get_comment_counts" time="0.099" /><testcase classname="backend.tests.test_iteration2_features.TestCleanup" name="test_cleanup" time="0.104" /></testsuite></testsuites>