<?xml version="1.0" encoding="utf-8"?><testsuites name="pytest tests"><testsuite name="pytest" errors="0" failures="0" skipped="0" tests="17" time="3.590" timestamp="2026-03-24T16:39:56.742676+00:00" hostname="agent-env-8f4fa5e1-34ea-430a-9701-d1d2d88473e3"><testcase classname="backend.tests.test_acuity_api.TestAuthEndpoints" name="test_register_new_user" time="0.623" /><testcase classname="backend.tests.test_acuity_api.TestAuthEndpoints" name="test_select_company" time="0.175" /><testcase classname="backend.tests.test_acuity_api.TestAuthEndpoints" name="test_login_existing_user" time="0.354" /><testcase classname="backend.tests.test_acuity_api.TestAuthEndpoints" name="test_login_invalid_credentials" time="0.399" /><testcase classname="backend.tests.test_acuity_api.TestAuthEndpoints" name="test_get_current_user" time="0.103" /><testcase classname="backend.tests.test_acuity_api.TestTeamEndpoints" name="test_get_team_by_name" time="0.105" /><testcase classname="backend.tests.test_acuity_api.TestTeamEndpoints" name="test_team_has_current_user_as_member" time="0.147" /><testcase classname="backend.tests.test_acuity_api.TestTeamEndpoints" name="test_invite_member_by_email" time="0.114" /><testcase classname="backend.tests.test_acuity_api.TestTeamEndpoints" name="test_invite_duplicate_email_fails" time="0.223" /><testcase classname="backend.tests.test_acuity_api.TestWorkspaceAndBoardEndpoints" name="test_get_workspaces" time="0.147" /><testcase classname="backend.tests.test_acuity_api.TestWorkspaceAndBoardEndpoints" name="test_create_board" time="0.136" /><testcase classname="backend.tests.test_acuity_api.TestWorkspaceAndBoardEndpoints" name="test_create_group" time="0.132" /><testcase classname="backend.tests.test_acuity_api.TestWorkspaceAndBoardEndpoints" name="test_create_item" time="0.119" /><testcase classname="backend.tests.test_acuity_api.TestCommentEndpoints" name="test_create_comment" time="0.123" /><testcase classname="backend.tests.test_acuity_api.TestCommentEndpoints" name="test_get_item_comments" time="0.111" /><testcase classname="backend.tests.test_acuity_api.TestCommentEndpoints" name="test_delete_comment" time="0.234" /><testcase classname="backend.tests.test_acuity_api.TestCleanup" name="test_cleanup_test_user" time="0.169" /></testsuite></testsuites>