<?xml version="1.0" encoding="utf-8"?><testsuites name="pytest tests"><testsuite name="pytest" errors="0" failures="0" skipped="0" tests="11" time="4.248" timestamp="2026-04-23T12:45:17.750664+00:00" hostname="agent-env-8f4fa5e1-34ea-430a-9701-d1d2d88473e3"><testcase classname="backend.tests.test_iteration5_features.TestImportGroupDetection" name="test_01_file_exists" time="0.000" /><testcase classname="backend.tests.test_iteration5_features.TestImportGroupDetection" name="test_02_import_creates_multiple_groups" time="1.205" /><testcase classname="backend.tests.test_iteration5_features.TestImportGroupDetection" name="test_03_board_persisted_with_groups" time="0.449" /><testcase classname="backend.tests.test_iteration5_features.TestImportAppendMode" name="test_01_append_to_existing_board" time="0.830" /><testcase classname="backend.tests.test_iteration5_features.TestImportAppendMode" name="test_02_missing_workspace_and_board_returns_400" time="0.142" /><testcase classname="backend.tests.test_iteration5_features.TestExportExcel" name="test_01_export_returns_xlsx" time="0.805" /><testcase classname="backend.tests.test_iteration5_features.TestExportExcel" name="test_02_export_nonexistent_board_returns_404" time="0.108" /><testcase classname="backend.tests.test_iteration5_features.TestChartConfigs" name="test_01_put_chart_configs" time="0.149" /><testcase classname="backend.tests.test_iteration5_features.TestChartConfigs" name="test_02_get_returns_chart_configs" time="0.129" /><testcase classname="backend.tests.test_iteration5_features.TestChartConfigs" name="test_03_chart_configs_update_replaces" time="0.206" /><testcase classname="backend.tests.test_iteration5_features.TestCleanup" name="test_delete_test_board" time="0.118" /></testsuite></testsuites>