<?xml version="1.0" encoding="utf-8"?><testsuites name="pytest tests"><testsuite name="pytest" errors="0" failures="0" skipped="0" tests="11" time="3.910" timestamp="2026-04-23T13:19:44.487549+00:00" hostname="agent-env-8f4fa5e1-34ea-430a-9701-d1d2d88473e3"><testcase classname="backend.tests.test_iteration6_features.TestInsertAt" name="test_01_insert_at_shifts_positions" time="1.556" /><testcase classname="backend.tests.test_iteration6_features.TestInsertAt" name="test_02_insert_at_missing_board_id_returns_400" time="0.109" /><testcase classname="backend.tests.test_iteration6_features.TestInsertAt" name="test_03_insert_at_missing_group_id_returns_400" time="0.139" /><testcase classname="backend.tests.test_iteration6_features.TestBulkMove" name="test_01_bulk_move_items_between_groups" time="0.359" /><testcase classname="backend.tests.test_iteration6_features.TestBulkMove" name="test_02_bulk_move_missing_items_returns_400" time="0.112" /><testcase classname="backend.tests.test_iteration6_features.TestBulkMove" name="test_03_bulk_move_missing_target_returns_400" time="0.111" /><testcase classname="backend.tests.test_iteration6_features.TestBulkDelete" name="test_01_bulk_delete_items" time="0.831" /><testcase classname="backend.tests.test_iteration6_features.TestBulkDelete" name="test_02_bulk_delete_empty_list_returns_400" time="0.127" /><testcase classname="backend.tests.test_iteration6_features.TestAuthProtection" name="test_01_insert_at_without_auth_returns_401" time="0.115" /><testcase classname="backend.tests.test_iteration6_features.TestAuthProtection" name="test_02_bulk_move_without_auth_returns_401" time="0.104" /><testcase classname="backend.tests.test_iteration6_features.TestAuthProtection" name="test_03_bulk_delete_without_auth_returns_401" time="0.281" /></testsuite></testsuites>